[INFO][2018-08-16 09:30:36,479][com.example.daozhen.QueryController]进入query处理模块
[INFO][2018-08-16 09:30:36,483][com.example.daozhen.QueryController]用户问题为:给
[INFO][2018-08-16 09:34:29,389][com.example.daozhen.QueryController]进入query处理模块
[INFO][2018-08-16 09:34:29,390][com.example.daozhen.QueryController]用户问题为:asdh
[INFO][2018-08-16 09:45:42,068][com.example.daozhen.QueryController]进入query处理模块
[INFO][2018-08-16 09:45:42,070][com.example.daozhen.QueryController]用户问题为:肚子疼挂什么科
[INFO][2018-08-16 09:45:43,962][com.example.daozhen.QueryController]收到的回复为:{"呼吸内科": [0.0, ["上呼吸道感染"]], "消化科": [0.9442793726921082], "泌尿外科": [0.013093814253807068], "精神心理科": [0.012536080554127693], "肝胆外科": [0.012465265579521656], "内科": [0.006419858895242214], "query": ["上呼吸道感染###0.9758052", "挂###0.001787345", "什么###0.022378705"]}
[INFO][2018-08-16 09:50:17,813][com.example.daozhen.QueryController]进入query处理模块
[INFO][2018-08-16 09:50:17,816][com.example.daozhen.QueryController]用户问题为:肚子疼
[INFO][2018-08-16 09:50:18,523][com.example.daozhen.QueryController]收到的回复为:{"呼吸内科": [0.0, ["上呼吸道感染"]], "消化科": [0.9442793726921082], "泌尿外科": [0.013093814253807068], "精神心理科": [0.012536080554127693], "肝胆外科": [0.012465265579521656], "内科": [0.006419858895242214], "query": ["上呼吸道感染###0.9758052", "挂###0.001787345", "什么###0.022378705"]}
[INFO][2018-08-16 09:50:18,648][com.example.daozhen.QueryController]{"肝胆外科":[0.012465265579521656],"泌尿外科":[0.013093814253807068],"呼吸内科":[0.0,["上呼吸道感染"]],"消化科":[0.9442793726921082],"内科":[0.006419858895242214],"精神心理科":[0.012536080554127693],"query":["上呼吸道感染###0.9758052","挂###0.001787345","什么###0.022378705"]}
[INFO][2018-08-16 09:57:09,293][com.example.daozhen.QueryController]进入query处理模块
[INFO][2018-08-16 09:57:09,295][com.example.daozhen.QueryController]用户问题为:肚子疼
[INFO][2018-08-16 09:57:09,971][com.example.daozhen.QueryController]收到的回复为:{"呼吸内科": [0.0, ["上呼吸道感染"]], "消化科": [0.9442793726921082], "泌尿外科": [0.013093814253807068], "精神心理科": [0.012536080554127693], "肝胆外科": [0.012465265579521656], "内科": [0.006419858895242214], "query": ["上呼吸道感染###0.9758052", "挂###0.001787345", "什么###0.022378705"]}
[INFO][2018-08-16 09:57:09,972][com.example.daozhen.QueryController]{"肝胆外科":[0.012465265579521656],"泌尿外科":[0.013093814253807068],"呼吸内科":[0.0,["上呼吸道感染"]],"消化科":[0.9442793726921082],"内科":[0.006419858895242214],"精神心理科":[0.012536080554127693],"query":["上呼吸道感染###0.9758052","挂###0.001787345","什么###0.022378705"]}
[INFO][2018-08-16 10:04:12,289][com.example.daozhen.QueryController]进入query处理模块
[INFO][2018-08-16 10:04:12,293][com.example.daozhen.QueryController]用户问题为:
[INFO][2018-08-16 10:04:13,088][com.example.daozhen.QueryController]收到的回复为:{"呼吸内科": [0.0, ["上呼吸道感染"]], "消化科": [0.9442793726921082], "泌尿外科": [0.013093814253807068], "精神心理科": [0.012536080554127693], "肝胆外科": [0.012465265579521656], "内科": [0.006419858895242214], "query": ["上呼吸道感染###0.9758052", "挂###0.001787345", "什么###0.022378705"]}
[INFO][2018-08-16 10:04:13,279][com.example.daozhen.QueryController]处理前:{"肝胆外科":[0.012465265579521656],"泌尿外科":[0.013093814253807068],"呼吸内科":[0.0,["上呼吸道感染"]],"消化科":[0.9442793726921082],"内科":[0.006419858895242214],"精神心理科":[0.012536080554127693],"query":["上呼吸道感染###0.9758052","挂###0.001787345","什么###0.022378705"]}
[INFO][2018-08-16 10:04:13,280][com.example.daozhen.QueryController]处理后:{"肝胆外科":0.012465265579521656,"泌尿外科":0.013093814253807068,"呼吸内科":"确诊","消化科":0.9442793726921082,"内科":0.006419858895242214,"精神心理科":0.012536080554127693,"query":["上呼吸道感染###0.9758052","挂###0.001787345","什么###0.022378705"]}
[INFO][2018-08-16 10:05:38,561][com.example.daozhen.QueryController]进入query处理模块
[INFO][2018-08-16 10:05:38,565][com.example.daozhen.QueryController]用户问题为:
[INFO][2018-08-16 10:05:39,327][com.example.daozhen.QueryController]收到的回复为:{"呼吸内科": [0.0, ["上呼吸道感染"]], "消化科": [0.9442793726921082], "泌尿外科": [0.013093814253807068], "精神心理科": [0.012536080554127693], "肝胆外科": [0.012465265579521656], "内科": [0.006419858895242214], "query": ["上呼吸道感染###0.9758052", "挂###0.001787345", "什么###0.022378705"]}
[INFO][2018-08-16 10:05:39,466][com.example.daozhen.QueryController]处理前:{"肝胆外科":[0.012465265579521656],"泌尿外科":[0.013093814253807068],"呼吸内科":[0.0,["上呼吸道感染"]],"消化科":[0.9442793726921082],"内科":[0.006419858895242214],"精神心理科":[0.012536080554127693],"query":["上呼吸道感染###0.9758052","挂###0.001787345","什么###0.022378705"]}
[INFO][2018-08-16 10:05:39,467][com.example.daozhen.QueryController]处理后:{"肝胆外科":0.012465265579521656,"泌尿外科":0.013093814253807068,"呼吸内科":"确诊","消化科":0.9442793726921082,"内科":0.006419858895242214,"精神心理科":0.012536080554127693,"query":["上呼吸道感染###0.9758052","挂###0.001787345","什么###0.022378705"]}
[INFO][2018-08-16 10:09:57,269][com.example.daozhen.QueryController]进入query处理模块
[INFO][2018-08-16 10:09:57,271][com.example.daozhen.QueryController]用户问题为:
[INFO][2018-08-16 10:09:58,211][com.example.daozhen.QueryController]收到的回复为:{"呼吸内科": [0.0, ["上呼吸道感染"]], "消化科": [0.9442793726921082], "泌尿外科": [0.013093814253807068], "精神心理科": [0.012536080554127693], "肝胆外科": [0.012465265579521656], "内科": [0.006419858895242214], "query": ["上呼吸道感染###0.9758052", "挂###0.001787345", "什么###0.022378705"]}
[INFO][2018-08-16 10:09:58,212][com.example.daozhen.QueryController]处理前:{"肝胆外科":[0.012465265579521656],"泌尿外科":[0.013093814253807068],"呼吸内科":[0.0,["上呼吸道感染"]],"消化科":[0.9442793726921082],"内科":[0.006419858895242214],"精神心理科":[0.012536080554127693],"query":["上呼吸道感染###0.9758052","挂###0.001787345","什么###0.022378705"]}
[INFO][2018-08-16 10:09:58,212][com.example.daozhen.QueryController]处理后:{"肝胆外科":0.012465265579521656,"泌尿外科":0.013093814253807068,"呼吸内科":"确诊","消化科":0.9442793726921082,"内科":0.006419858895242214,"精神心理科":0.012536080554127693,"query":["上呼吸道感染###0.9758052","挂###0.001787345","什么###0.022378705"]}
[INFO][2018-08-16 10:10:28,604][com.example.daozhen.QueryController]进入query处理模块
[INFO][2018-08-16 10:10:28,604][com.example.daozhen.QueryController]用户问题为:
[INFO][2018-08-16 10:10:29,424][com.example.daozhen.QueryController]收到的回复为:{"呼吸内科": [0.0, ["上呼吸道感染"]], "消化科": [0.9442793726921082], "泌尿外科": [0.013093814253807068], "精神心理科": [0.012536080554127693], "肝胆外科": [0.012465265579521656], "内科": [0.006419858895242214], "query": ["上呼吸道感染###0.9758052", "挂###0.001787345", "什么###0.022378705"]}
[INFO][2018-08-16 10:10:29,425][com.example.daozhen.QueryController]处理前:{"肝胆外科":[0.012465265579521656],"泌尿外科":[0.013093814253807068],"呼吸内科":[0.0,["上呼吸道感染"]],"消化科":[0.9442793726921082],"内科":[0.006419858895242214],"精神心理科":[0.012536080554127693],"query":["上呼吸道感染###0.9758052","挂###0.001787345","什么###0.022378705"]}
[INFO][2018-08-16 10:10:29,426][com.example.daozhen.QueryController]处理后:{"肝胆外科":0.012465265579521656,"泌尿外科":0.013093814253807068,"呼吸内科":"确诊","消化科":0.9442793726921082,"内科":0.006419858895242214,"精神心理科":0.012536080554127693,"query":["上呼吸道感染###0.9758052","挂###0.001787345","什么###0.022378705"]}
[INFO][2018-08-16 10:11:03,164][com.example.daozhen.QueryController]进入query处理模块
[INFO][2018-08-16 10:11:03,166][com.example.daozhen.QueryController]用户问题为:
[INFO][2018-08-16 10:11:03,985][com.example.daozhen.QueryController]收到的回复为:{"呼吸内科": [0.0, ["上呼吸道感染"]], "消化科": [0.9442793726921082], "泌尿外科": [0.013093814253807068], "精神心理科": [0.012536080554127693], "肝胆外科": [0.012465265579521656], "内科": [0.006419858895242214], "query": ["上呼吸道感染###0.9758052", "挂###0.001787345", "什么###0.022378705"]}
[INFO][2018-08-16 10:11:03,986][com.example.daozhen.QueryController]处理前:{"肝胆外科":[0.012465265579521656],"泌尿外科":[0.013093814253807068],"呼吸内科":[0.0,["上呼吸道感染"]],"消化科":[0.9442793726921082],"内科":[0.006419858895242214],"精神心理科":[0.012536080554127693],"query":["上呼吸道感染###0.9758052","挂###0.001787345","什么###0.022378705"]}
[INFO][2018-08-16 10:11:03,986][com.example.daozhen.QueryController]处理后:{"肝胆外科":0.012465265579521656,"泌尿外科":0.013093814253807068,"呼吸内科":"确诊","消化科":0.9442793726921082,"内科":0.006419858895242214,"精神心理科":0.012536080554127693,"query":["上呼吸道感染###0.9758052","挂###0.001787345","什么###0.022378705"]}
[INFO][2018-08-16 10:11:51,702][com.example.daozhen.QueryController]进入query处理模块
[INFO][2018-08-16 10:11:51,702][com.example.daozhen.QueryController]用户问题为:
[INFO][2018-08-16 10:11:52,330][com.example.daozhen.QueryController]收到的回复为:{"呼吸内科": [0.0, ["上呼吸道感染"]], "消化科": [0.9442793726921082], "泌尿外科": [0.013093814253807068], "精神心理科": [0.012536080554127693], "肝胆外科": [0.012465265579521656], "内科": [0.006419858895242214], "query": ["上呼吸道感染###0.9758052", "挂###0.001787345", "什么###0.022378705"]}
[INFO][2018-08-16 10:11:52,331][com.example.daozhen.QueryController]处理前:{"肝胆外科":[0.012465265579521656],"泌尿外科":[0.013093814253807068],"呼吸内科":[0.0,["上呼吸道感染"]],"消化科":[0.9442793726921082],"内科":[0.006419858895242214],"精神心理科":[0.012536080554127693],"query":["上呼吸道感染###0.9758052","挂###0.001787345","什么###0.022378705"]}
[INFO][2018-08-16 10:11:52,332][com.example.daozhen.QueryController]处理后:{"肝胆外科":0.012465265579521656,"泌尿外科":0.013093814253807068,"呼吸内科":"确诊","消化科":0.9442793726921082,"内科":0.006419858895242214,"精神心理科":0.012536080554127693,"query":["上呼吸道感染###0.9758052","挂###0.001787345","什么###0.022378705"]}
[INFO][2018-08-16 10:12:21,042][com.example.daozhen.QueryController]进入query处理模块
[INFO][2018-08-16 10:12:21,042][com.example.daozhen.QueryController]用户问题为:
[INFO][2018-08-16 10:12:21,752][com.example.daozhen.QueryController]收到的回复为:{"呼吸内科": [0.0, ["上呼吸道感染"]], "消化科": [0.9442793726921082], "泌尿外科": [0.013093814253807068], "精神心理科": [0.012536080554127693], "肝胆外科": [0.012465265579521656], "内科": [0.006419858895242214], "query": ["上呼吸道感染###0.9758052", "挂###0.001787345", "什么###0.022378705"]}
[INFO][2018-08-16 10:12:21,753][com.example.daozhen.QueryController]处理前:{"肝胆外科":[0.012465265579521656],"泌尿外科":[0.013093814253807068],"呼吸内科":[0.0,["上呼吸道感染"]],"消化科":[0.9442793726921082],"内科":[0.006419858895242214],"精神心理科":[0.012536080554127693],"query":["上呼吸道感染###0.9758052","挂###0.001787345","什么###0.022378705"]}
[INFO][2018-08-16 10:12:21,754][com.example.daozhen.QueryController]处理后:{"肝胆外科":0.012465265579521656,"泌尿外科":0.013093814253807068,"呼吸内科":"确诊","消化科":0.9442793726921082,"内科":0.006419858895242214,"精神心理科":0.012536080554127693,"query":["上呼吸道感染###0.9758052","挂###0.001787345","什么###0.022378705"]}
[INFO][2018-08-16 10:12:42,784][com.example.daozhen.QueryController]进入query处理模块
[INFO][2018-08-16 10:12:42,785][com.example.daozhen.QueryController]用户问题为:
[INFO][2018-08-16 10:12:43,507][com.example.daozhen.QueryController]收到的回复为:{"呼吸内科": [0.0, ["上呼吸道感染"]], "消化科": [0.9442793726921082], "泌尿外科": [0.013093814253807068], "精神心理科": [0.012536080554127693], "肝胆外科": [0.012465265579521656], "内科": [0.006419858895242214], "query": ["上呼吸道感染###0.9758052", "挂###0.001787345", "什么###0.022378705"]}
[INFO][2018-08-16 10:12:43,508][com.example.daozhen.QueryController]处理前:{"肝胆外科":[0.012465265579521656],"泌尿外科":[0.013093814253807068],"呼吸内科":[0.0,["上呼吸道感染"]],"消化科":[0.9442793726921082],"内科":[0.006419858895242214],"精神心理科":[0.012536080554127693],"query":["上呼吸道感染###0.9758052","挂###0.001787345","什么###0.022378705"]}
[INFO][2018-08-16 10:12:43,509][com.example.daozhen.QueryController]处理后:{"肝胆外科":0.012465265579521656,"泌尿外科":0.013093814253807068,"呼吸内科":"确诊","消化科":0.9442793726921082,"内科":0.006419858895242214,"精神心理科":0.012536080554127693,"query":["上呼吸道感染###0.9758052","挂###0.001787345","什么###0.022378705"]}
[INFO][2018-08-16 10:16:21,896][com.example.daozhen.QueryController]进入query处理模块
[INFO][2018-08-16 10:16:21,897][com.example.daozhen.QueryController]用户问题为:
[INFO][2018-08-16 10:16:22,709][com.example.daozhen.QueryController]收到的回复为:{"呼吸内科": [0.0, ["上呼吸道感染"]], "消化科": [0.9442793726921082], "泌尿外科": [0.013093814253807068], "精神心理科": [0.012536080554127693], "肝胆外科": [0.012465265579521656], "内科": [0.006419858895242214], "query": ["上呼吸道感染###0.9758052", "挂###0.001787345", "什么###0.022378705"]}
[INFO][2018-08-16 10:16:22,710][com.example.daozhen.QueryController]处理前:{"肝胆外科":[0.012465265579521656],"泌尿外科":[0.013093814253807068],"呼吸内科":[0.0,["上呼吸道感染"]],"消化科":[0.9442793726921082],"内科":[0.006419858895242214],"精神心理科":[0.012536080554127693],"query":["上呼吸道感染###0.9758052","挂###0.001787345","什么###0.022378705"]}
[INFO][2018-08-16 10:16:22,710][com.example.daozhen.QueryController]处理后:{"肝胆外科":0.012465265579521656,"泌尿外科":0.013093814253807068,"呼吸内科":"确诊","消化科":0.9442793726921082,"内科":0.006419858895242214,"精神心理科":0.012536080554127693,"query":["上呼吸道感染###0.9758052","挂###0.001787345","什么###0.022378705"]}
[INFO][2018-08-16 10:17:45,049][com.example.daozhen.QueryController]进入query处理模块
[INFO][2018-08-16 10:17:45,049][com.example.daozhen.QueryController]用户问题为:
[INFO][2018-08-16 10:17:45,750][com.example.daozhen.QueryController]收到的回复为:{"呼吸内科": [0.0, ["上呼吸道感染"]], "消化科": [0.9442793726921082], "泌尿外科": [0.013093814253807068], "精神心理科": [0.012536080554127693], "肝胆外科": [0.012465265579521656], "内科": [0.006419858895242214], "query": ["上呼吸道感染###0.9758052", "挂###0.001787345", "什么###0.022378705"]}
[INFO][2018-08-16 10:17:45,751][com.example.daozhen.QueryController]处理前:{"肝胆外科":[0.012465265579521656],"泌尿外科":[0.013093814253807068],"呼吸内科":[0.0,["上呼吸道感染"]],"消化科":[0.9442793726921082],"内科":[0.006419858895242214],"精神心理科":[0.012536080554127693],"query":["上呼吸道感染###0.9758052","挂###0.001787345","什么###0.022378705"]}
[INFO][2018-08-16 10:17:45,751][com.example.daozhen.QueryController]处理后:{"肝胆外科":0.012465265579521656,"泌尿外科":0.013093814253807068,"呼吸内科":"确诊","消化科":0.9442793726921082,"内科":0.006419858895242214,"精神心理科":0.012536080554127693,"query":["上呼吸道感染###0.9758052","挂###0.001787345","什么###0.022378705"]}
[INFO][2018-08-16 10:18:27,383][com.example.daozhen.QueryController]进入query处理模块
[INFO][2018-08-16 10:18:27,387][com.example.daozhen.QueryController]用户问题为:
[INFO][2018-08-16 10:18:28,189][com.example.daozhen.QueryController]收到的回复为:{"呼吸内科": [0.0, ["上呼吸道感染"]], "消化科": [0.9442793726921082], "泌尿外科": [0.013093814253807068], "精神心理科": [0.012536080554127693], "肝胆外科": [0.012465265579521656], "内科": [0.006419858895242214], "query": ["上呼吸道感染###0.9758052", "挂###0.001787345", "什么###0.022378705"]}
[INFO][2018-08-16 10:18:28,324][com.example.daozhen.QueryController]处理前:{"肝胆外科":[0.012465265579521656],"泌尿外科":[0.013093814253807068],"呼吸内科":[0.0,["上呼吸道感染"]],"消化科":[0.9442793726921082],"内科":[0.006419858895242214],"精神心理科":[0.012536080554127693],"query":["上呼吸道感染###0.9758052","挂###0.001787345","什么###0.022378705"]}
[INFO][2018-08-16 10:18:28,324][com.example.daozhen.QueryController]处理后:{"肝胆外科":0.012465265579521656,"泌尿外科":0.013093814253807068,"呼吸内科":1,"消化科":0.9442793726921082,"内科":0.006419858895242214,"精神心理科":0.012536080554127693,"query":["上呼吸道感染###0.9758052","挂###0.001787345","什么###0.022378705"]}
[INFO][2018-08-16 10:20:31,433][com.example.daozhen.QueryController]进入query处理模块
[INFO][2018-08-16 10:20:31,434][com.example.daozhen.QueryController]用户问题为:
[INFO][2018-08-16 10:20:32,178][com.example.daozhen.QueryController]收到的回复为:{"呼吸内科": [0.0, ["上呼吸道感染"]], "消化科": [0.9442793726921082], "泌尿外科": [0.013093814253807068], "精神心理科": [0.012536080554127693], "肝胆外科": [0.012465265579521656], "内科": [0.006419858895242214], "query": ["上呼吸道感染###0.9758052", "挂###0.001787345", "什么###0.022378705"]}
[INFO][2018-08-16 10:20:32,179][com.example.daozhen.QueryController]处理前:{"肝胆外科":[0.012465265579521656],"泌尿外科":[0.013093814253807068],"呼吸内科":[0.0,["上呼吸道感染"]],"消化科":[0.9442793726921082],"内科":[0.006419858895242214],"精神心理科":[0.012536080554127693],"query":["上呼吸道感染###0.9758052","挂###0.001787345","什么###0.022378705"]}
[INFO][2018-08-16 10:20:32,180][com.example.daozhen.QueryController]处理后:{"肝胆外科":0.012465265579521656,"泌尿外科":0.013093814253807068,"呼吸内科":1,"消化科":0.9442793726921082,"内科":0.006419858895242214,"精神心理科":0.012536080554127693,"query":["上呼吸道感染###0.9758052","挂###0.001787345","什么###0.022378705"]}
[INFO][2018-08-16 10:21:06,457][com.example.daozhen.QueryController]进入query处理模块
[INFO][2018-08-16 10:21:06,458][com.example.daozhen.QueryController]用户问题为:
[INFO][2018-08-16 10:21:07,209][com.example.daozhen.QueryController]收到的回复为:{"呼吸内科": [0.0, ["上呼吸道感染"]], "消化科": [0.9442793726921082], "泌尿外科": [0.013093814253807068], "精神心理科": [0.012536080554127693], "肝胆外科": [0.012465265579521656], "内科": [0.006419858895242214], "query": ["上呼吸道感染###0.9758052", "挂###0.001787345", "什么###0.022378705"]}
[INFO][2018-08-16 10:21:07,209][com.example.daozhen.QueryController]处理前:{"肝胆外科":[0.012465265579521656],"泌尿外科":[0.013093814253807068],"呼吸内科":[0.0,["上呼吸道感染"]],"消化科":[0.9442793726921082],"内科":[0.006419858895242214],"精神心理科":[0.012536080554127693],"query":["上呼吸道感染###0.9758052","挂###0.001787345","什么###0.022378705"]}
[INFO][2018-08-16 10:21:07,210][com.example.daozhen.QueryController]处理后:{"肝胆外科":0.012465265579521656,"泌尿外科":0.013093814253807068,"呼吸内科":1,"消化科":0.9442793726921082,"内科":0.006419858895242214,"精神心理科":0.012536080554127693,"query":["上呼吸道感染###0.9758052","挂###0.001787345","什么###0.022378705"]}
[INFO][2018-08-16 10:21:23,626][com.example.daozhen.QueryController]进入query处理模块
[INFO][2018-08-16 10:21:23,629][com.example.daozhen.QueryController]用户问题为:
[INFO][2018-08-16 10:21:24,339][com.example.daozhen.QueryController]收到的回复为:{"呼吸内科": [0.0, ["上呼吸道感染"]], "消化科": [0.9442793726921082], "泌尿外科": [0.013093814253807068], "精神心理科": [0.012536080554127693], "肝胆外科": [0.012465265579521656], "内科": [0.006419858895242214], "query": ["上呼吸道感染###0.9758052", "挂###0.001787345", "什么###0.022378705"]}
[INFO][2018-08-16 10:21:24,340][com.example.daozhen.QueryController]处理前:{"肝胆外科":[0.012465265579521656],"泌尿外科":[0.013093814253807068],"呼吸内科":[0.0,["上呼吸道感染"]],"消化科":[0.9442793726921082],"内科":[0.006419858895242214],"精神心理科":[0.012536080554127693],"query":["上呼吸道感染###0.9758052","挂###0.001787345","什么###0.022378705"]}
[INFO][2018-08-16 10:21:24,340][com.example.daozhen.QueryController]处理后:{"肝胆外科":0.012465265579521656,"泌尿外科":0.013093814253807068,"呼吸内科":1,"消化科":0.9442793726921082,"内科":0.006419858895242214,"精神心理科":0.012536080554127693,"query":["上呼吸道感染###0.9758052","挂###0.001787345","什么###0.022378705"]}
[INFO][2018-08-16 10:21:49,521][com.example.daozhen.QueryController]进入query处理模块
[INFO][2018-08-16 10:21:49,525][com.example.daozhen.QueryController]用户问题为:
[INFO][2018-08-16 10:21:50,245][com.example.daozhen.QueryController]收到的回复为:{"呼吸内科": [0.0, ["上呼吸道感染"]], "消化科": [0.9442793726921082], "泌尿外科": [0.013093814253807068], "精神心理科": [0.012536080554127693], "肝胆外科": [0.012465265579521656], "内科": [0.006419858895242214], "query": ["上呼吸道感染###0.9758052", "挂###0.001787345", "什么###0.022378705"]}
[INFO][2018-08-16 10:21:50,246][com.example.daozhen.QueryController]处理前:{"肝胆外科":[0.012465265579521656],"泌尿外科":[0.013093814253807068],"呼吸内科":[0.0,["上呼吸道感染"]],"消化科":[0.9442793726921082],"内科":[0.006419858895242214],"精神心理科":[0.012536080554127693],"query":["上呼吸道感染###0.9758052","挂###0.001787345","什么###0.022378705"]}
[INFO][2018-08-16 10:21:50,246][com.example.daozhen.QueryController]处理后:{"肝胆外科":0.012465265579521656,"泌尿外科":0.013093814253807068,"呼吸内科":1,"消化科":0.9442793726921082,"内科":0.006419858895242214,"精神心理科":0.012536080554127693,"query":["上呼吸道感染###0.9758052","挂###0.001787345","什么###0.022378705"]}
[INFO][2018-08-16 10:22:54,998][com.example.daozhen.QueryController]进入query处理模块
[INFO][2018-08-16 10:22:55,003][com.example.daozhen.QueryController]用户问题为:
[INFO][2018-08-16 10:22:55,859][com.example.daozhen.QueryController]收到的回复为:{"呼吸内科": [0.0, ["上呼吸道感染"]], "消化科": [0.9442793726921082], "泌尿外科": [0.013093814253807068], "精神心理科": [0.012536080554127693], "肝胆外科": [0.012465265579521656], "内科": [0.006419858895242214], "query": ["上呼吸道感染###0.9758052", "挂###0.001787345", "什么###0.022378705"]}
[INFO][2018-08-16 10:22:55,966][com.example.daozhen.QueryController]处理前:{"肝胆外科":[0.012465265579521656],"泌尿外科":[0.013093814253807068],"呼吸内科":[0.0,["上呼吸道感染"]],"消化科":[0.9442793726921082],"内科":[0.006419858895242214],"精神心理科":[0.012536080554127693],"query":["上呼吸道感染###0.9758052","挂###0.001787345","什么###0.022378705"]}
[INFO][2018-08-16 10:22:55,967][com.example.daozhen.QueryController]处理后:{"肝胆外科":0.012465265579521656,"泌尿外科":0.013093814253807068,"呼吸内科":1,"消化科":0.9442793726921082,"内科":0.006419858895242214,"精神心理科":0.012536080554127693,"query":["上呼吸道感染###0.9758052","挂###0.001787345","什么###0.022378705"]}
[INFO][2018-08-16 10:23:52,666][com.example.daozhen.QueryController]进入query处理模块
[INFO][2018-08-16 10:23:52,667][com.example.daozhen.QueryController]用户问题为:
[INFO][2018-08-16 10:23:53,446][com.example.daozhen.QueryController]收到的回复为:{"呼吸内科": [0.0, ["上呼吸道感染"]], "消化科": [0.9442793726921082], "泌尿外科": [0.013093814253807068], "精神心理科": [0.012536080554127693], "肝胆外科": [0.012465265579521656], "内科": [0.006419858895242214], "query": ["上呼吸道感染###0.9758052", "挂###0.001787345", "什么###0.022378705"]}
[INFO][2018-08-16 10:23:53,447][com.example.daozhen.QueryController]处理前:{"肝胆外科":[0.012465265579521656],"泌尿外科":[0.013093814253807068],"呼吸内科":[0.0,["上呼吸道感染"]],"消化科":[0.9442793726921082],"内科":[0.006419858895242214],"精神心理科":[0.012536080554127693],"query":["上呼吸道感染###0.9758052","挂###0.001787345","什么###0.022378705"]}
[INFO][2018-08-16 10:23:53,448][com.example.daozhen.QueryController]处理后:{"肝胆外科":0.012465265579521656,"泌尿外科":0.013093814253807068,"呼吸内科":1,"消化科":0.9442793726921082,"内科":0.006419858895242214,"精神心理科":0.012536080554127693,"query":["上呼吸道感染###0.9758052","挂###0.001787345","什么###0.022378705"]}
[INFO][2018-08-16 10:25:04,372][com.example.daozhen.QueryController]进入query处理模块
[INFO][2018-08-16 10:25:04,376][com.example.daozhen.QueryController]用户问题为:
[INFO][2018-08-16 10:25:05,272][com.example.daozhen.QueryController]收到的回复为:{"呼吸内科": [0.0, ["上呼吸道感染"]], "消化科": [0.9442793726921082], "泌尿外科": [0.013093814253807068], "精神心理科": [0.012536080554127693], "肝胆外科": [0.012465265579521656], "内科": [0.006419858895242214], "query": ["上呼吸道感染###0.9758052", "挂###0.001787345", "什么###0.022378705"]}
[INFO][2018-08-16 10:25:05,431][com.example.daozhen.QueryController]处理前:{"肝胆外科":[0.012465265579521656],"泌尿外科":[0.013093814253807068],"呼吸内科":[0.0,["上呼吸道感染"]],"消化科":[0.9442793726921082],"内科":[0.006419858895242214],"精神心理科":[0.012536080554127693],"query":["上呼吸道感染###0.9758052","挂###0.001787345","什么###0.022378705"]}
[INFO][2018-08-16 10:25:05,432][com.example.daozhen.QueryController]处理后:{"肝胆外科":0.012465265579521656,"泌尿外科":0.013093814253807068,"呼吸内科":1,"消化科":0.9442793726921082,"内科":0.006419858895242214,"精神心理科":0.012536080554127693,"query":["上呼吸道感染###0.9758052","挂###0.001787345","什么###0.022378705"]}
[INFO][2018-08-16 10:25:24,035][com.example.daozhen.QueryController]进入query处理模块
[INFO][2018-08-16 10:25:24,039][com.example.daozhen.QueryController]用户问题为:
[INFO][2018-08-16 10:25:24,801][com.example.daozhen.QueryController]收到的回复为:{"呼吸内科": [0.0, ["上呼吸道感染"]], "消化科": [0.9442793726921082], "泌尿外科": [0.013093814253807068], "精神心理科": [0.012536080554127693], "肝胆外科": [0.012465265579521656], "内科": [0.006419858895242214], "query": ["上呼吸道感染###0.9758052", "挂###0.001787345", "什么###0.022378705"]}
[INFO][2018-08-16 10:25:24,802][com.example.daozhen.QueryController]处理前:{"肝胆外科":[0.012465265579521656],"泌尿外科":[0.013093814253807068],"呼吸内科":[0.0,["上呼吸道感染"]],"消化科":[0.9442793726921082],"内科":[0.006419858895242214],"精神心理科":[0.012536080554127693],"query":["上呼吸道感染###0.9758052","挂###0.001787345","什么###0.022378705"]}
[INFO][2018-08-16 10:25:24,802][com.example.daozhen.QueryController]处理后:{"肝胆外科":0.012465265579521656,"泌尿外科":0.013093814253807068,"呼吸内科":1,"消化科":0.9442793726921082,"内科":0.006419858895242214,"精神心理科":0.012536080554127693,"query":["上呼吸道感染###0.9758052","挂###0.001787345","什么###0.022378705"]}
[INFO][2018-08-16 10:25:46,937][com.example.daozhen.QueryController]进入query处理模块
[INFO][2018-08-16 10:25:46,938][com.example.daozhen.QueryController]用户问题为:
[INFO][2018-08-16 10:25:47,681][com.example.daozhen.QueryController]收到的回复为:{"呼吸内科": [0.0, ["上呼吸道感染"]], "消化科": [0.9442793726921082], "泌尿外科": [0.013093814253807068], "精神心理科": [0.012536080554127693], "肝胆外科": [0.012465265579521656], "内科": [0.006419858895242214], "query": ["上呼吸道感染###0.9758052", "挂###0.001787345", "什么###0.022378705"]}
[INFO][2018-08-16 10:25:47,682][com.example.daozhen.QueryController]处理前:{"肝胆外科":[0.012465265579521656],"泌尿外科":[0.013093814253807068],"呼吸内科":[0.0,["上呼吸道感染"]],"消化科":[0.9442793726921082],"内科":[0.006419858895242214],"精神心理科":[0.012536080554127693],"query":["上呼吸道感染###0.9758052","挂###0.001787345","什么###0.022378705"]}
[INFO][2018-08-16 10:25:47,682][com.example.daozhen.QueryController]处理后:{"肝胆外科":0.012465265579521656,"泌尿外科":0.013093814253807068,"呼吸内科":1,"消化科":0.9442793726921082,"内科":0.006419858895242214,"精神心理科":0.012536080554127693,"query":["上呼吸道感染###0.9758052","挂###0.001787345","什么###0.022378705"]}
[INFO][2018-08-16 10:25:50,097][com.example.daozhen.QueryController]进入query处理模块
[INFO][2018-08-16 10:25:50,099][com.example.daozhen.QueryController]用户问题为:
[INFO][2018-08-16 10:25:50,872][com.example.daozhen.QueryController]收到的回复为:{"呼吸内科": [0.0, ["上呼吸道感染"]], "消化科": [0.9442793726921082], "泌尿外科": [0.013093814253807068], "精神心理科": [0.012536080554127693], "肝胆外科": [0.012465265579521656], "内科": [0.006419858895242214], "query": ["上呼吸道感染###0.9758052", "挂###0.001787345", "什么###0.022378705"]}
[INFO][2018-08-16 10:25:50,873][com.example.daozhen.QueryController]处理前:{"肝胆外科":[0.012465265579521656],"泌尿外科":[0.013093814253807068],"呼吸内科":[0.0,["上呼吸道感染"]],"消化科":[0.9442793726921082],"内科":[0.006419858895242214],"精神心理科":[0.012536080554127693],"query":["上呼吸道感染###0.9758052","挂###0.001787345","什么###0.022378705"]}
[INFO][2018-08-16 10:25:50,874][com.example.daozhen.QueryController]处理后:{"肝胆外科":0.012465265579521656,"泌尿外科":0.013093814253807068,"呼吸内科":1,"消化科":0.9442793726921082,"内科":0.006419858895242214,"精神心理科":0.012536080554127693,"query":["上呼吸道感染###0.9758052","挂###0.001787345","什么###0.022378705"]}
[INFO][2018-08-16 10:26:14,282][com.example.daozhen.QueryController]进入query处理模块
[INFO][2018-08-16 10:26:14,282][com.example.daozhen.QueryController]用户问题为:
[INFO][2018-08-16 10:26:15,042][com.example.daozhen.QueryController]收到的回复为:{"呼吸内科": [0.0, ["上呼吸道感染"]], "消化科": [0.9442793726921082], "泌尿外科": [0.013093814253807068], "精神心理科": [0.012536080554127693], "肝胆外科": [0.012465265579521656], "内科": [0.006419858895242214], "query": ["上呼吸道感染###0.9758052", "挂###0.001787345", "什么###0.022378705"]}
[INFO][2018-08-16 10:26:15,043][com.example.daozhen.QueryController]处理前:{"肝胆外科":[0.012465265579521656],"泌尿外科":[0.013093814253807068],"呼吸内科":[0.0,["上呼吸道感染"]],"消化科":[0.9442793726921082],"内科":[0.006419858895242214],"精神心理科":[0.012536080554127693],"query":["上呼吸道感染###0.9758052","挂###0.001787345","什么###0.022378705"]}
[INFO][2018-08-16 10:26:15,044][com.example.daozhen.QueryController]处理后:{"肝胆外科":0.012465265579521656,"泌尿外科":0.013093814253807068,"呼吸内科":1,"消化科":0.9442793726921082,"内科":0.006419858895242214,"精神心理科":0.012536080554127693,"query":["上呼吸道感染###0.9758052","挂###0.001787345","什么###0.022378705"]}
[INFO][2018-08-16 10:26:37,309][com.example.daozhen.QueryController]进入query处理模块
[INFO][2018-08-16 10:26:37,310][com.example.daozhen.QueryController]用户问题为:
[INFO][2018-08-16 10:26:38,081][com.example.daozhen.QueryController]收到的回复为:{"呼吸内科": [0.0, ["上呼吸道感染"]], "消化科": [0.9442793726921082], "泌尿外科": [0.013093814253807068], "精神心理科": [0.012536080554127693], "肝胆外科": [0.012465265579521656], "内科": [0.006419858895242214], "query": ["上呼吸道感染###0.9758052", "挂###0.001787345", "什么###0.022378705"]}
[INFO][2018-08-16 10:26:38,082][com.example.daozhen.QueryController]处理前:{"肝胆外科":[0.012465265579521656],"泌尿外科":[0.013093814253807068],"呼吸内科":[0.0,["上呼吸道感染"]],"消化科":[0.9442793726921082],"内科":[0.006419858895242214],"精神心理科":[0.012536080554127693],"query":["上呼吸道感染###0.9758052","挂###0.001787345","什么###0.022378705"]}
[INFO][2018-08-16 10:26:38,082][com.example.daozhen.QueryController]处理后:{"肝胆外科":0.012465265579521656,"泌尿外科":0.013093814253807068,"呼吸内科":1,"消化科":0.9442793726921082,"内科":0.006419858895242214,"精神心理科":0.012536080554127693,"query":["上呼吸道感染###0.9758052","挂###0.001787345","什么###0.022378705"]}
[INFO][2018-08-16 10:28:30,020][com.example.daozhen.QueryController]进入query处理模块
[INFO][2018-08-16 10:28:30,023][com.example.daozhen.QueryController]用户问题为:感冒挂什么
[INFO][2018-08-16 10:28:30,724][com.example.daozhen.QueryController]收到的回复为:{"呼吸内科": [0.0, ["感冒"]], "呼吸科": [0.9954501986503601], "无": [0.0018759395461529493], "耳鼻咽喉科": [0.0008121017017401755], "泌尿外科": [0.00044542065006680787], "肝胆外科": [0.00028748263139277697], "query": ["感冒###0.9926253", "挂###0.0002203172", "什么###0.0069790175"]}
[INFO][2018-08-16 10:28:30,874][com.example.daozhen.QueryController]处理后:{"无":0.0018759395461529493,"肝胆外科":0.00028748263139277697,"呼吸科":0.9954501986503601,"耳鼻咽喉科":0.0008121017017401755,"泌尿外科":0.00044542065006680787,"呼吸内科":1,"query":["感冒###0.9926253","挂###0.0002203172","什么###0.0069790175"]}
[INFO][2018-08-16 10:29:28,726][com.example.daozhen.QueryController]进入query处理模块
[INFO][2018-08-16 10:29:28,731][com.example.daozhen.QueryController]用户问题为:感冒挂什么
[INFO][2018-08-16 10:29:29,443][com.example.daozhen.QueryController]收到的回复为:{"呼吸内科": [0.0, ["感冒"]], "呼吸科": [0.9954501986503601], "无": [0.0018759395461529493], "耳鼻咽喉科": [0.0008121017017401755], "泌尿外科": [0.00044542065006680787], "肝胆外科": [0.00028748263139277697], "query": ["感冒###0.9926253", "挂###0.0002203172", "什么###0.0069790175"]}
[INFO][2018-08-16 10:29:29,573][com.example.daozhen.QueryController]处理后:{"无":0.0018759395461529493,"肝胆外科":0.00028748263139277697,"呼吸科":0.9954501986503601,"耳鼻咽喉科":0.0008121017017401755,"泌尿外科":0.00044542065006680787,"呼吸内科":1,"query":["感冒###0.9926253","挂###0.0002203172","什么###0.0069790175"]}
[INFO][2018-08-16 10:30:36,281][com.example.daozhen.QueryController]进入query处理模块
[INFO][2018-08-16 10:30:36,284][com.example.daozhen.QueryController]用户问题为:感冒挂什么科
[INFO][2018-08-16 10:30:37,274][com.example.daozhen.QueryController]收到的回复为:{"呼吸内科": [0.0, ["感冒"]], "呼吸科": [0.9788586497306824], "肝胆外科": [0.005870169494301081], "耳鼻咽喉科": [0.005863570142537355], "无": [0.0040399255231022835], "泌尿外科": [0.001482226769439876], "query": ["感冒###0.99777067", "挂###6.611441e-05", "什么###0.0018999232", "科###3.7780623e-09"]}
[INFO][2018-08-16 10:30:37,275][com.example.daozhen.QueryController]处理后:{"无":0.0040399255231022835,"肝胆外科":0.005870169494301081,"呼吸科":0.9788586497306824,"耳鼻咽喉科":0.005863570142537355,"泌尿外科":0.001482226769439876,"呼吸内科":1,"query":["感冒###0.99777067","挂###6.611441e-05","什么###0.0018999232","科###3.7780623e-09"]}
[INFO][2018-08-16 10:31:47,651][com.example.daozhen.QueryController]进入query处理模块
[INFO][2018-08-16 10:31:47,652][com.example.daozhen.QueryController]用户问题为:感冒挂什么
[INFO][2018-08-16 10:31:48,360][com.example.daozhen.QueryController]收到的回复为:{"呼吸内科": [0.0, ["感冒"]], "呼吸科": [0.9954501986503601], "无": [0.0018759395461529493], "耳鼻咽喉科": [0.0008121017017401755], "泌尿外科": [0.00044542065006680787], "肝胆外科": [0.00028748263139277697], "query": ["感冒###0.9926253", "挂###0.0002203172", "什么###0.0069790175"]}
[INFO][2018-08-16 10:31:48,361][com.example.daozhen.QueryController]处理后:{"无":0.0018759395461529493,"肝胆外科":0.00028748263139277697,"呼吸科":0.9954501986503601,"耳鼻咽喉科":0.0008121017017401755,"泌尿外科":0.00044542065006680787,"呼吸内科":1,"query":["感冒###0.9926253","挂###0.0002203172","什么###0.0069790175"]}
[INFO][2018-08-16 10:31:58,281][com.example.daozhen.QueryController]进入query处理模块
[INFO][2018-08-16 10:31:58,281][com.example.daozhen.QueryController]用户问题为:感冒挂什么科
[INFO][2018-08-16 10:31:59,409][com.example.daozhen.QueryController]收到的回复为:{"呼吸内科": [0.0, ["感冒"]], "呼吸科": [0.9788586497306824], "肝胆外科": [0.005870169494301081], "耳鼻咽喉科": [0.005863570142537355], "无": [0.0040399255231022835], "泌尿外科": [0.001482226769439876], "query": ["感冒###0.99777067", "挂###6.611441e-05", "什么###0.0018999232", "科###3.7780623e-09"]}
[INFO][2018-08-16 10:31:59,410][com.example.daozhen.QueryController]处理后:{"无":0.0040399255231022835,"肝胆外科":0.005870169494301081,"呼吸科":0.9788586497306824,"耳鼻咽喉科":0.005863570142537355,"泌尿外科":0.001482226769439876,"呼吸内科":1,"query":["感冒###0.99777067","挂###6.611441e-05","什么###0.0018999232","科###3.7780623e-09"]}
[INFO][2018-08-16 10:33:12,771][com.example.daozhen.QueryController]进入query处理模块
[INFO][2018-08-16 10:33:12,771][com.example.daozhen.QueryController]用户问题为:感冒挂什么科
[INFO][2018-08-16 10:33:13,612][com.example.daozhen.QueryController]收到的回复为:{"呼吸内科": [0.0, ["感冒"]], "呼吸科": [0.9788586497306824], "肝胆外科": [0.005870169494301081], "耳鼻咽喉科": [0.005863570142537355], "无": [0.0040399255231022835], "泌尿外科": [0.001482226769439876], "query": ["感冒###0.99777067", "挂###6.611441e-05", "什么###0.0018999232", "科###3.7780623e-09"]}
[INFO][2018-08-16 10:33:13,613][com.example.daozhen.QueryController]处理后:{"无":0.0040399255231022835,"肝胆外科":0.005870169494301081,"呼吸科":0.9788586497306824,"耳鼻咽喉科":0.005863570142537355,"泌尿外科":0.001482226769439876,"呼吸内科":1,"query":["感冒###0.99777067","挂###6.611441e-05","什么###0.0018999232","科###3.7780623e-09"]}
[INFO][2018-08-16 10:35:55,262][com.example.daozhen.QueryController]进入query处理模块
[INFO][2018-08-16 10:35:55,262][com.example.daozhen.QueryController]用户问题为:感冒挂什么科
[INFO][2018-08-16 10:35:56,175][com.example.daozhen.QueryController]收到的回复为:{"呼吸内科": [0.0, ["感冒"]], "呼吸科": [0.9788586497306824], "肝胆外科": [0.005870169494301081], "耳鼻咽喉科": [0.005863570142537355], "无": [0.0040399255231022835], "泌尿外科": [0.001482226769439876], "query": ["感冒###0.99777067", "挂###6.611441e-05", "什么###0.0018999232", "科###3.7780623e-09"]}
[INFO][2018-08-16 10:35:56,175][com.example.daozhen.QueryController]处理后:{"无":0.0040399255231022835,"肝胆外科":0.005870169494301081,"呼吸科":0.9788586497306824,"耳鼻咽喉科":0.005863570142537355,"泌尿外科":0.001482226769439876,"呼吸内科":1,"query":["感冒###0.99777067","挂###6.611441e-05","什么###0.0018999232","科###3.7780623e-09"]}
[INFO][2018-08-16 10:36:04,112][com.example.daozhen.QueryController]进入query处理模块
[INFO][2018-08-16 10:36:04,113][com.example.daozhen.QueryController]用户问题为:感冒挂什么
[INFO][2018-08-16 10:36:04,815][com.example.daozhen.QueryController]收到的回复为:{"呼吸内科": [0.0, ["感冒"]], "呼吸科": [0.9954501986503601], "无": [0.0018759395461529493], "耳鼻咽喉科": [0.0008121017017401755], "泌尿外科": [0.00044542065006680787], "肝胆外科": [0.00028748263139277697], "query": ["感冒###0.9926253", "挂###0.0002203172", "什么###0.0069790175"]}
[INFO][2018-08-16 10:36:04,815][com.example.daozhen.QueryController]处理后:{"无":0.0018759395461529493,"肝胆外科":0.00028748263139277697,"呼吸科":0.9954501986503601,"耳鼻咽喉科":0.0008121017017401755,"泌尿外科":0.00044542065006680787,"呼吸内科":1,"query":["感冒###0.9926253","挂###0.0002203172","什么###0.0069790175"]}
[INFO][2018-08-16 10:36:59,325][com.example.daozhen.QueryController]进入query处理模块
[INFO][2018-08-16 10:36:59,325][com.example.daozhen.QueryController]用户问题为:感冒挂什么科
[INFO][2018-08-16 10:37:00,350][com.example.daozhen.QueryController]收到的回复为:{"呼吸内科": [0.0, ["感冒"]], "呼吸科": [0.9788586497306824], "肝胆外科": [0.005870169494301081], "耳鼻咽喉科": [0.005863570142537355], "无": [0.0040399255231022835], "泌尿外科": [0.001482226769439876], "query": ["感冒###0.99777067", "挂###6.611441e-05", "什么###0.0018999232", "科###3.7780623e-09"]}
[INFO][2018-08-16 10:37:00,351][com.example.daozhen.QueryController]处理后:{"无":0.0040399255231022835,"肝胆外科":0.005870169494301081,"呼吸科":0.9788586497306824,"耳鼻咽喉科":0.005863570142537355,"泌尿外科":0.001482226769439876,"呼吸内科":1,"query":["感冒###0.99777067","挂###6.611441e-05","什么###0.0018999232","科###3.7780623e-09"]}
[INFO][2018-08-16 10:38:32,789][com.example.daozhen.QueryController]进入query处理模块
[INFO][2018-08-16 10:38:32,790][com.example.daozhen.QueryController]用户问题为:感冒挂什么科
[INFO][2018-08-16 10:38:33,700][com.example.daozhen.QueryController]收到的回复为:{"呼吸内科": [0.0, ["感冒"]], "呼吸科": [0.9788586497306824], "肝胆外科": [0.005870169494301081], "耳鼻咽喉科": [0.005863570142537355], "无": [0.0040399255231022835], "泌尿外科": [0.001482226769439876], "query": ["感冒###0.99777067", "挂###6.611441e-05", "什么###0.0018999232", "科###3.7780623e-09"]}
[INFO][2018-08-16 10:38:33,701][com.example.daozhen.QueryController]处理后:{"无":0.0040399255231022835,"肝胆外科":0.005870169494301081,"呼吸科":0.9788586497306824,"耳鼻咽喉科":0.005863570142537355,"泌尿外科":0.001482226769439876,"呼吸内科":1,"query":["感冒###0.99777067","挂###6.611441e-05","什么###0.0018999232","科###3.7780623e-09"]}
[INFO][2018-08-16 10:46:47,698][com.example.daozhen.QueryController]进入query处理模块
[INFO][2018-08-16 10:46:47,699][com.example.daozhen.QueryController]用户问题为:感冒挂什么科
[INFO][2018-08-16 10:46:48,640][com.example.daozhen.QueryController]收到的回复为:{"呼吸内科": [0.0, ["感冒"]], "呼吸科": [0.9788586497306824], "肝胆外科": [0.005870169494301081], "耳鼻咽喉科": [0.005863570142537355], "无": [0.0040399255231022835], "泌尿外科": [0.001482226769439876], "query": ["感冒###0.99777067", "挂###6.611441e-05", "什么###0.0018999232", "科###3.7780623e-09"]}
[INFO][2018-08-16 10:46:48,641][com.example.daozhen.QueryController]处理后:{"无":0.0040399255231022835,"肝胆外科":0.005870169494301081,"呼吸科":0.9788586497306824,"耳鼻咽喉科":0.005863570142537355,"泌尿外科":0.001482226769439876,"呼吸内科":1,"query":["感冒###0.99777067","挂###6.611441e-05","什么###0.0018999232","科###3.7780623e-09"]}
[INFO][2018-08-16 10:47:25,847][com.example.daozhen.QueryController]进入query处理模块
[INFO][2018-08-16 10:47:25,848][com.example.daozhen.QueryController]用户问题为:感冒挂什么科
[INFO][2018-08-16 10:47:26,737][com.example.daozhen.QueryController]收到的回复为:{"呼吸内科": [0.0, ["感冒"]], "呼吸科": [0.9788586497306824], "肝胆外科": [0.005870169494301081], "耳鼻咽喉科": [0.005863570142537355], "无": [0.0040399255231022835], "泌尿外科": [0.001482226769439876], "query": ["感冒###0.99777067", "挂###6.611441e-05", "什么###0.0018999232", "科###3.7780623e-09"]}
[INFO][2018-08-16 10:47:26,738][com.example.daozhen.QueryController]处理后:{"无":0.0040399255231022835,"肝胆外科":0.005870169494301081,"呼吸科":0.9788586497306824,"耳鼻咽喉科":0.005863570142537355,"泌尿外科":0.001482226769439876,"呼吸内科":1,"query":["感冒###0.99777067","挂###6.611441e-05","什么###0.0018999232","科###3.7780623e-09"]}
[INFO][2018-08-16 10:47:34,094][com.example.daozhen.QueryController]进入query处理模块
[INFO][2018-08-16 10:47:34,095][com.example.daozhen.QueryController]用户问题为:感冒挂什么
[INFO][2018-08-16 10:47:34,735][com.example.daozhen.QueryController]收到的回复为:{"呼吸内科": [0.0, ["感冒"]], "呼吸科": [0.9954501986503601], "无": [0.0018759395461529493], "耳鼻咽喉科": [0.0008121017017401755], "泌尿外科": [0.00044542065006680787], "肝胆外科": [0.00028748263139277697], "query": ["感冒###0.9926253", "挂###0.0002203172", "什么###0.0069790175"]}
[INFO][2018-08-16 10:47:34,736][com.example.daozhen.QueryController]处理后:{"无":0.0018759395461529493,"肝胆外科":0.00028748263139277697,"呼吸科":0.9954501986503601,"耳鼻咽喉科":0.0008121017017401755,"泌尿外科":0.00044542065006680787,"呼吸内科":1,"query":["感冒###0.9926253","挂###0.0002203172","什么###0.0069790175"]}
[INFO][2018-08-16 10:48:07,756][com.example.daozhen.QueryController]进入query处理模块
[INFO][2018-08-16 10:48:07,757][com.example.daozhen.QueryController]用户问题为:感冒挂什么科
[INFO][2018-08-16 10:48:08,659][com.example.daozhen.QueryController]收到的回复为:{"呼吸内科": [0.0, ["感冒"]], "呼吸科": [0.9788586497306824], "肝胆外科": [0.005870169494301081], "耳鼻咽喉科": [0.005863570142537355], "无": [0.0040399255231022835], "泌尿外科": [0.001482226769439876], "query": ["感冒###0.99777067", "挂###6.611441e-05", "什么###0.0018999232", "科###3.7780623e-09"]}
[INFO][2018-08-16 10:48:08,660][com.example.daozhen.QueryController]处理后:{"无":0.0040399255231022835,"肝胆外科":0.005870169494301081,"呼吸科":0.9788586497306824,"耳鼻咽喉科":0.005863570142537355,"泌尿外科":0.001482226769439876,"呼吸内科":1,"query":["感冒###0.99777067","挂###6.611441e-05","什么###0.0018999232","科###3.7780623e-09"]}
[INFO][2018-08-16 10:48:25,201][com.example.daozhen.QueryController]进入query处理模块
[INFO][2018-08-16 10:48:25,201][com.example.daozhen.QueryController]用户问题为:上呼吸道感染挂什么科
[INFO][2018-08-16 10:48:26,255][com.example.daozhen.QueryController]收到的回复为:{"呼吸内科": [0.0, ["上呼吸道感染"]], "消化科": [0.6558077931404114], "精神心理科": [0.10162398219108582], "肝胆外科": [0.09438243508338928], "内科": [0.06968774646520615], "耳鼻咽喉科": [0.03265926241874695], "query": ["上呼吸道感染###0.9861544", "挂###0.0010245384", "什么###0.0127920285", "科###9.944372e-08"]}
[INFO][2018-08-16 10:48:26,256][com.example.daozhen.QueryController]处理后:{"肝胆外科":0.09438243508338928,"耳鼻咽喉科":0.03265926241874695,"呼吸内科":1,"消化科":0.6558077931404114,"内科":0.06968774646520615,"精神心理科":0.10162398219108582,"query":["上呼吸道感染###0.9861544","挂###0.0010245384","什么###0.0127920285","科###9.944372e-08"]}
[INFO][2018-08-16 10:48:41,788][com.example.daozhen.QueryController]进入query处理模块
[INFO][2018-08-16 10:48:41,788][com.example.daozhen.QueryController]用户问题为:有点脑袋疼挂什么
[INFO][2018-08-16 10:48:43,218][com.example.daozhen.QueryController]收到的回复为:{"神经内科": [0.587127149105072], "神经外科": [0.23006761074066162], "消化科": [0.09371493756771088], "肿瘤科": [0.0394381545484066], "骨科": [0.016876257956027985], "query": ["有点###0.0009451015", "脑袋###0.8515256", "疼###0.13726056", "挂###6.624305e-05", "什么###0.010127828"]}
[INFO][2018-08-16 10:48:43,219][com.example.daozhen.QueryController]处理后:{"消化科":0.09371493756771088,"query":["有点###0.0009451015","脑袋###0.8515256","疼###0.13726056","挂###6.624305e-05","什么###0.010127828"],"骨科":0.016876257956027985,"神经外科":0.23006761074066162,"肿瘤科":0.0394381545484066,"神经内科":0.587127149105072}
[INFO][2018-08-16 10:49:00,808][com.example.daozhen.QueryController]进入query处理模块
[INFO][2018-08-16 10:49:00,809][com.example.daozhen.QueryController]用户问题为:有点头痛挂什么
[INFO][2018-08-16 10:49:01,805][com.example.daozhen.QueryController]收到的回复为:{"神经内科": [0.28468385338783264], "精神心理科": [0.6518964767456055], "耳鼻咽喉科": [0.025505708530545235], "皮肤性病科": [0.013695026747882366], "肿瘤科": [0.013463463634252548], "query": ["有点###0.009122127", "头痛###0.9584551", "挂###5.4173626e-05", "什么###0.032312434"]}
[INFO][2018-08-16 10:49:01,806][com.example.daozhen.QueryController]处理后:{"耳鼻咽喉科":0.025505708530545235,"皮肤性病科":0.013695026747882366,"精神心理科":0.6518964767456055,"query":["有点###0.009122127","头痛###0.9584551","挂###5.4173626e-05","什么###0.032312434"],"肿瘤科":0.013463463634252548,"神经内科":0.28468385338783264}
